<?xml version="1.0" encoding="UTF-8"?>
<testng-results ignored="0" total="8" passed="8" failed="0" skipped="0">
  <reporter-output>
  </reporter-output>
  <suite started-at="2021-08-19T17:10:50 IST" name="Default suite" finished-at="2021-08-19T17:10:50 IST" duration-ms="75">
    <groups>
    </groups>
    <test started-at="2021-08-19T17:10:50 IST" name="Default test" finished-at="2021-08-19T17:10:50 IST" duration-ms="75">
      <class name="com.rohith.testcase.TestPromotionEngine">
        <test-method signature="TestSkuidA()[pri:0, instance:com.rohith.testcase.TestPromotionEngine@4a668b6e]" started-at="2021-08-19T17:10:50 IST" name="TestSkuidA" finished-at="2021-08-19T17:10:50 IST" duration-ms="12" status="PASS">
          <reporter-output>
          </reporter-output>
        </test-method> <!-- TestSkuidA -->
        <test-method signature="TestSkuidB()[pri:0, instance:com.rohith.testcase.TestPromotionEngine@4a668b6e]" started-at="2021-08-19T17:10:50 IST" name="TestSkuidB" finished-at="2021-08-19T17:10:50 IST" duration-ms="2" status="PASS">
          <reporter-output>
          </reporter-output>
        </test-method> <!-- TestSkuidB -->
        <test-method signature="TestSkuidC()[pri:0, instance:com.rohith.testcase.TestPromotionEngine@4a668b6e]" started-at="2021-08-19T17:10:50 IST" name="TestSkuidC" finished-at="2021-08-19T17:10:50 IST" duration-ms="1" status="PASS">
          <reporter-output>
          </reporter-output>
        </test-method> <!-- TestSkuidC -->
        <test-method signature="TestSkuidCandD()[pri:0, instance:com.rohith.testcase.TestPromotionEngine@4a668b6e]" started-at="2021-08-19T17:10:50 IST" name="TestSkuidCandD" finished-at="2021-08-19T17:10:50 IST" duration-ms="2" status="PASS">
          <reporter-output>
          </reporter-output>
        </test-method> <!-- TestSkuidCandD -->
        <test-method signature="TestSkuidD()[pri:0, instance:com.rohith.testcase.TestPromotionEngine@4a668b6e]" started-at="2021-08-19T17:10:50 IST" name="TestSkuidD" finished-at="2021-08-19T17:10:50 IST" duration-ms="0" status="PASS">
          <reporter-output>
          </reporter-output>
        </test-method> <!-- TestSkuidD -->
        <test-method signature="scenarioA()[pri:0, instance:com.rohith.testcase.TestPromotionEngine@4a668b6e]" started-at="2021-08-19T17:10:50 IST" name="scenarioA" finished-at="2021-08-19T17:10:50 IST" duration-ms="1" status="PASS">
          <reporter-output>
          </reporter-output>
        </test-method> <!-- scenarioA -->
        <test-method signature="scenarioB()[pri:0, instance:com.rohith.testcase.TestPromotionEngine@4a668b6e]" started-at="2021-08-19T17:10:50 IST" name="scenarioB" finished-at="2021-08-19T17:10:50 IST" duration-ms="1" status="PASS">
          <reporter-output>
          </reporter-output>
        </test-method> <!-- scenarioB -->
        <test-method signature="scenarioC()[pri:0, instance:com.rohith.testcase.TestPromotionEngine@4a668b6e]" started-at="2021-08-19T17:10:50 IST" name="scenarioC" finished-at="2021-08-19T17:10:50 IST" duration-ms="1" status="PASS">
          <reporter-output>
          </reporter-output>
        </test-method> <!-- scenarioC -->
      </class> <!-- com.rohith.testcase.TestPromotionEngine -->
    </test> <!-- Default test -->
  </suite> <!-- Default suite -->
</testng-results>
