<?xml version="1.0" encoding="UTF-8"?>
<!-- Generated by org.testng.reporters.JUnitXMLReporter -->
<testsuite ignored="0" hostname="RNAGASUN" failures="0" tests="8" name="Default test" time="0.075" errors="0" timestamp="2021-08-19T17:10:50 IST">
  <testcase classname="com.rohith.testcase.TestPromotionEngine" name="TestSkuidA" time="0.012"/>
  <testcase classname="com.rohith.testcase.TestPromotionEngine" name="TestSkuidB" time="0.002"/>
  <testcase classname="com.rohith.testcase.TestPromotionEngine" name="TestSkuidC" time="0.001"/>
  <testcase classname="com.rohith.testcase.TestPromotionEngine" name="TestSkuidCandD" time="0.002"/>
  <testcase classname="com.rohith.testcase.TestPromotionEngine" name="TestSkuidD" time="0.0"/>
  <testcase classname="com.rohith.testcase.TestPromotionEngine" name="scenarioA" time="0.001"/>
  <testcase classname="com.rohith.testcase.TestPromotionEngine" name="scenarioB" time="0.001"/>
  <testcase classname="com.rohith.testcase.TestPromotionEngine" name="scenarioC" time="0.001"/>
</testsuite> <!-- Default test -->
